c:\code\vulkantutorialsinternal\x64\debug\common.pdb
c:\code\vulkantutorialsinternal\nclcoreclasses\common.dir\debug\camera.obj
c:\code\vulkantutorialsinternal\nclcoreclasses\common.dir\debug\texturebase.obj
c:\code\vulkantutorialsinternal\nclcoreclasses\common.dir\debug\shaderbase.obj
c:\code\vulkantutorialsinternal\nclcoreclasses\common.dir\debug\rendererbase.obj
c:\code\vulkantutorialsinternal\nclcoreclasses\common.dir\debug\meshmaterial.obj
c:\code\vulkantutorialsinternal\nclcoreclasses\common.dir\debug\meshgeometry.obj
c:\code\vulkantutorialsinternal\nclcoreclasses\common.dir\debug\meshanimation.obj
c:\code\vulkantutorialsinternal\nclcoreclasses\common.dir\debug\vector4.obj
c:\code\vulkantutorialsinternal\nclcoreclasses\common.dir\debug\vector3.obj
c:\code\vulkantutorialsinternal\nclcoreclasses\common.dir\debug\vector2.obj
c:\code\vulkantutorialsinternal\nclcoreclasses\common.dir\debug\quaternion.obj
c:\code\vulkantutorialsinternal\nclcoreclasses\common.dir\debug\plane.obj
c:\code\vulkantutorialsinternal\nclcoreclasses\common.dir\debug\matrix4.obj
c:\code\vulkantutorialsinternal\nclcoreclasses\common.dir\debug\matrix3.obj
c:\code\vulkantutorialsinternal\nclcoreclasses\common.dir\debug\matrix2.obj
c:\code\vulkantutorialsinternal\nclcoreclasses\common.dir\debug\maths.obj
c:\code\vulkantutorialsinternal\nclcoreclasses\common.dir\debug\texturewriter.obj
c:\code\vulkantutorialsinternal\nclcoreclasses\common.dir\debug\textureloader.obj
c:\code\vulkantutorialsinternal\nclcoreclasses\common.dir\debug\simplefont.obj
c:\code\vulkantutorialsinternal\nclcoreclasses\common.dir\debug\assets.obj
c:\code\vulkantutorialsinternal\nclcoreclasses\common.dir\debug\win32window.obj
c:\code\vulkantutorialsinternal\nclcoreclasses\common.dir\debug\win32mouse.obj
c:\code\vulkantutorialsinternal\nclcoreclasses\common.dir\debug\win32keyboard.obj
c:\code\vulkantutorialsinternal\nclcoreclasses\common.dir\debug\window.obj
c:\code\vulkantutorialsinternal\nclcoreclasses\common.dir\debug\mouse.obj
c:\code\vulkantutorialsinternal\nclcoreclasses\common.dir\debug\keyboard.obj
c:\code\vulkantutorialsinternal\nclcoreclasses\common.dir\debug\gametimer.obj
c:\code\vulkantutorialsinternal\nclcoreclasses\cmakefiles\generate.stamp
c:\code\vulkantutorialsinternal\x64\debug\common.lib
c:\code\vulkantutorialsinternal\nclcoreclasses\common.dir\debug\common.tlog\cl.command.1.tlog
c:\code\vulkantutorialsinternal\nclcoreclasses\common.dir\debug\common.tlog\cl.read.1.tlog
c:\code\vulkantutorialsinternal\nclcoreclasses\common.dir\debug\common.tlog\cl.write.1.tlog
c:\code\vulkantutorialsinternal\nclcoreclasses\common.dir\debug\common.tlog\custombuild.command.1.tlog
c:\code\vulkantutorialsinternal\nclcoreclasses\common.dir\debug\common.tlog\custombuild.read.1.tlog
c:\code\vulkantutorialsinternal\nclcoreclasses\common.dir\debug\common.tlog\custombuild.write.1.tlog
c:\code\vulkantutorialsinternal\nclcoreclasses\common.dir\debug\common.tlog\lib-link.read.1.tlog
c:\code\vulkantutorialsinternal\nclcoreclasses\common.dir\debug\common.tlog\lib-link.write.1.tlog
c:\code\vulkantutorialsinternal\nclcoreclasses\common.dir\debug\common.tlog\lib.command.1.tlog
